build/app/outputs/mapping/release/seeds.txt
com.google.android.gms.internal.ads.zzgwa: com.google.android.gms.internal.ads.zzgwa zzb
com.google.android.gms.internal.ads.zzbfj: boolean zzf
com.google.android.gms.internal.ads.zzgnj: com.google.android.gms.internal.ads.zzgpw zzf
com.google.android.gms.internal.ads.zzana: long zzaG
com.google.android.gms.internal.ads.zzfjz: int zzm
com.google.android.gms.internal.ads.zzgje: com.google.android.gms.internal.ads.zzgpw zzf
com.google.android.gms.internal.ads.zzarv: com.google.android.gms.internal.ads.zzary zzf
com.google.android.gms.internal.ads.zzbfd: int zze
com.google.android.gms.internal.ads.zzbhf: int zzi
com.google.android.gms.internal.ads.zzgvs: java.lang.String zzg
com.google.android.gms.internal.ads.zzama: java.lang.String zzm
com.google.android.gms.internal.ads.zzgjw: com.google.android.gms.internal.ads.zzgpw zzf
com.google.android.gms.internal.ads.zzgll: com.google.android.gms.internal.ads.zzglo zze
androidx.window.layout.SidecarWindowBackend$WindowLayoutChangeCallbackWrapper: java.util.concurrent.Executor executor
com.google.android.gms.internal.ads.zzbhp: int zze
com.google.android.gms.internal.ads.zzgmj: com.google.android.gms.internal.ads.zzglx zze
androidx.window.java.layout.WindowInfoTrackerCallbackAdapter: androidx.window.layout.WindowInfoTracker tracker
com.google.android.gms.internal.ads.zzgvp: com.google.android.gms.internal.ads.zzgvo zzf
com.google.android.gms.internal.ads.zzbic: int zze
com.google.android.gms.internal.ads.zzfny: int zze
com.google.android.gms.internal.ads.zzbfb: com.google.android.gms.internal.ads.zzbfr zzh
com.google.android.gms.internal.ads.zzgvk: com.google.android.gms.internal.ads.zzgpw zzg
io.flutter.view.FlutterCallbackInformation: java.lang.String callbackLibraryPath
androidx.window.layout.SidecarAdapter: java.lang.String TAG
androidx.window.R$styleable: int ActivityRule_alwaysExpand
androidx.window.embedding.SplitController: androidx.window.embedding.SplitController$Companion Companion
com.google.android.gms.internal.ads.zzbft: int zzj
com.google.android.gms.internal.ads.zzbfb: com.google.android.gms.internal.ads.zzbgl zzo
kotlin.coroutines.jvm.internal.ContinuationImpl: kotlin.coroutines.CoroutineContext _context
androidx.window.embedding.SplitPlaceholderRule: android.content.Intent placeholderIntent
com.google.android.gms.internal.ads.zzgwe: boolean zzt
com.google.android.gms.internal.ads.zzbga: java.lang.String zzh
com.google.android.gms.internal.ads.zzbfb: com.google.android.gms.internal.ads.zzgrn zzp
com.google.android.gms.internal.ads.zzgvs: com.google.android.gms.internal.ads.zzgvs zzb
com.google.android.gms.internal.ads.zzama: java.lang.String zzh
com.google.android.gms.common.internal.GetServiceRequest: android.os.Parcelable$Creator CREATOR
com.google.android.gms.internal.ads.zzbhr: com.google.android.gms.internal.ads.zzbia zzf
kotlin.coroutines.jvm.internal.ContinuationImpl: kotlin.coroutines.Continuation intercepted
io.flutter.view.FlutterCallbackInformation: java.lang.String callbackClassName
kotlinx.coroutines.EventLoopImplBase: java.lang.Object _queue
com.google.android.gms.internal.ads.zzana: long zzan
com.google.android.gms.internal.ads.zzghx: com.google.android.gms.internal.ads.zzgid zzg
androidx.window.layout.HardwareFoldingFeature$Type: androidx.window.layout.HardwareFoldingFeature$Type FOLD
com.google.android.gms.internal.ads.zzbfd: com.google.android.gms.internal.ads.zzbfj zzh
androidx.window.embedding.SplitPairFilter: java.lang.String secondaryActivityIntentAction
androidx.window.embedding.ActivityRule: boolean alwaysExpand
kotlinx.coroutines.channels.AbstractSendChannel: java.lang.Object onCloseHandler
com.google.android.gms.internal.ads.zzgux: int zzf
com.google.android.gms.internal.ads.zzbhn: int zzf
kotlin.coroutines.jvm.internal.SuspendLambda: int arity
com.google.android.gms.internal.ads.zzadl: android.os.Parcelable$Creator CREATOR
com.google.android.gms.internal.ads.zzbhw: com.google.android.gms.internal.ads.zzbhw zzb