build/app/outputs/mapping/release/mapping.txt
# compiler: R8
# compiler_version: 3.2.47
# min_api: 21
# common_typos_disable
# {"id":"com.android.tools.r8.mapping","version":"2.0"}
# pg_map_id: b4ad0e3
# pg_map_hash: SHA-256 b4ad0e393947e693256a056047f2b4b7d3dd3a6549ded52f80095131c8aba925
...
com.google.android.gms.internal.ads.zzdca -> com.google.android.gms.internal.ads.r81:
    java.util.concurrent.ScheduledExecutorService zzc -> g
    java.util.concurrent.ScheduledFuture zzf -> j
    com.google.android.gms.internal.ads.zzfdk zzb -> f
    com.google.android.gms.internal.ads.zzdds zza -> e
    java.util.concurrent.Executor zzd -> h
    com.google.android.gms.internal.ads.zzfzy zze -> i
    java.util.concurrent.atomic.AtomicBoolean zzg -> k
    com.google.android.gms.internal.ads.zzdds zza(com.google.android.gms.internal.ads.zzdca) -> a
    void zze() -> b
    void zzp(com.google.android.gms.internal.ads.zzcbs,java.lang.String,java.lang.String) -> c
    void zzf() -> d
    void zzb() -> e
    void zzc(com.google.android.gms.internal.ads.zzbbp) -> e0
    void zzd() -> f
    void zzg() -> g
    void zzj() -> i
    void zzo() -> m
    void zzm() -> o
    void zzr() -> q
    void zzbv() -> s
    void zzk(com.google.android.gms.ads.internal.client.zze) -> t0
com.google.android.gms.internal.ads.zzdcb -> com.google.android.gms.internal.ads.s81:
    com.google.android.gms.internal.ads.zzgxv zzc -> c
    com.google.android.gms.internal.ads.zzgxv zzd -> d
    com.google.android.gms.internal.ads.zzgxv zza -> a
    com.google.android.gms.internal.ads.zzgxv zzb -> b
    java.lang.Object zzb() -> a
com.google.android.gms.internal.ads.zzdcc -> com.google.android.gms.internal.ads.t81:
    com.google.android.gms.internal.ads.zzgxv zza -> a
    java.lang.Object zzb() -> a
com.google.android.gms.internal.ads.zzdcd -> com.google.android.gms.internal.ads.u81:
    com.google.android.gms.internal.ads.zzbzh zzc -> g
    com.google.android.gms.internal.ads.zzfdk zzb -> f
    android.content.Context zza -> e
    void zzbs(android.content.Context) -> d
    void zzbq(android.content.Context) -> e
    void zzbt(android.content.Context) -> h
    void zzn() -> l
com.google.android.gms.internal.ads.zzdce -> com.google.android.gms.internal.ads.v81:
    com.google.android.gms.internal.ads.zzgxv zzc -> c
    com.google.android.gms.internal.ads.zzgxv zza -> a
    com.google.android.gms.internal.ads.zzgxv zzb -> b
    java.lang.Object zzb() -> a
com.google.android.gms.internal.ads.zzdcf -> com.google.android.gms.internal.ads.w81:
    com.google.android.gms.internal.ads.zzfzp zzb -> b
    com.google.android.gms.internal.ads.zzdcg zza -> a
com.google.android.gms.internal.ads.zzdcg -> com.google.android.gms.internal.ads.x81:
    com.google.android.gms.ads.internal.util.zzg zzj -> j
    com.google.android.gms.internal.ads.zzcgv zzb -> b
    android.content.pm.ApplicationInfo zzc -> c
    java.lang.String zzh -> h
    java.util.List zze -> e
    com.google.android.gms.internal.ads.zzfih zza -> a
    android.content.pm.PackageInfo zzf -> f
    com.google.android.gms.internal.ads.zzevh zzi -> i
    java.lang.String zzd -> d
    com.google.android.gms.internal.ads.zzgxc zzg -> g
    com.google.android.gms.internal.ads.zzcbc zza(com.google.android.gms.internal.ads.zzfzp) -> a
    com.google.android.gms.internal.ads.zzfzp zzb() -> b
    com.google.android.gms.internal.ads.zzfzp zzc() -> c
com.google.android.gms.internal.ads.zzdch -> com.google.android.gms.internal.ads.y81:
    com.google.android.gms.internal.ads.zzgxv zzc -> c
    com.google.android.gms.internal.ads.zzgxv zzd -> d
    com.google.android.gms.internal.ads.zzgxv zze -> e
    com.google.android.gms.internal.ads.zzgxv zzf -> f
    com.google.android.gms.internal.ads.zzgxv zza -> a
    com.google.android.gms.internal.ads.zzgxv zzb -> b
    com.google.android.gms.internal.ads.zzgxv zzg -> g
    com.google.android.gms.internal.ads.zzgxv zzh -> h
    com.google.android.gms.internal.ads.zzgxv zzi -> i
    com.google.android.gms.internal.ads.zzgxv zzj -> j
    java.lang.Object zzb() -> a
    com.google.android.gms.internal.ads.zzdcg zza() -> b